<?xml version="1.0" encoding="UTF-8"?>
<testng-results ignored="0" total="1" passed="1" failed="0" skipped="0">
  <reporter-output>
  </reporter-output>
  <suite started-at="2023-10-24T23:16:41 PDT" name="Suite" finished-at="2023-10-24T23:17:09 PDT" duration-ms="27716">
    <groups>
    </groups>
    <test started-at="2023-10-24T23:16:41 PDT" name="Test" finished-at="2023-10-24T23:17:09 PDT" duration-ms="27716">
      <class name="takeScreenshotExample.AmazonTakeScreenshotExample">
        <test-method is-config="true" signature="launchapp()[pri:0, instance:takeScreenshotExample.AmazonTakeScreenshotExample@2e1d27ba]" started-at="2023-10-24T23:16:41 PDT" name="launchapp" finished-at="2023-10-24T23:16:55 PDT" duration-ms="13421" status="PASS">
          <reporter-output>
          </reporter-output>
        </test-method> <!-- launchapp -->
        <test-method signature="verifySearchFeature()[pri:0, instance:takeScreenshotExample.AmazonTakeScreenshotExample@2e1d27ba]" started-at="2023-10-24T23:16:55 PDT" name="verifySearchFeature" finished-at="2023-10-24T23:17:02 PDT" duration-ms="6849" status="PASS">
          <reporter-output>
          </reporter-output>
        </test-method> <!-- verifySearchFeature -->
        <test-method is-config="true" signature="closeApp()[pri:0, instance:takeScreenshotExample.AmazonTakeScreenshotExample@2e1d27ba]" started-at="2023-10-24T23:17:02 PDT" name="closeApp" finished-at="2023-10-24T23:17:09 PDT" duration-ms="7408" status="PASS">
          <reporter-output>
          </reporter-output>
        </test-method> <!-- closeApp -->
      </class> <!-- takeScreenshotExample.AmazonTakeScreenshotExample -->
    </test> <!-- Test -->
  </suite> <!-- Suite -->
</testng-results>
