<?xml version="1.0" encoding="UTF-8"?>
<testng-results ignored="0" total="1" passed="1" failed="0" skipped="0">
  <reporter-output>
  </reporter-output>
  <suite started-at="2023-10-12T23:26:32 PDT" name="Default suite" finished-at="2023-10-12T23:26:58 PDT" duration-ms="25364">
    <groups>
    </groups>
    <test started-at="2023-10-12T23:26:32 PDT" name="Default test" finished-at="2023-10-12T23:26:58 PDT" duration-ms="25364">
      <class name="nopCommcustomers.NOPCommCustomersTest">
        <test-method is-config="true" signature="launchapp()[pri:0, instance:nopCommcustomers.NOPCommCustomersTest@446293d]" started-at="2023-10-12T23:26:32 PDT" name="launchapp" finished-at="2023-10-12T23:26:46 PDT" duration-ms="13214" status="PASS">
          <reporter-output>
          </reporter-output>
        </test-method> <!-- launchapp -->
        <test-method signature="verifyCustomerssearch()[pri:0, instance:nopCommcustomers.NOPCommCustomersTest@446293d]" started-at="2023-10-12T23:26:46 PDT" name="verifyCustomerssearch" finished-at="2023-10-12T23:26:51 PDT" duration-ms="5093" status="PASS">
          <reporter-output>
          </reporter-output>
        </test-method> <!-- verifyCustomerssearch -->
        <test-method is-config="true" signature="closeApp()[pri:0, instance:nopCommcustomers.NOPCommCustomersTest@446293d]" started-at="2023-10-12T23:26:51 PDT" name="closeApp" finished-at="2023-10-12T23:26:58 PDT" duration-ms="7001" status="PASS">
          <reporter-output>
          </reporter-output>
        </test-method> <!-- closeApp -->
      </class> <!-- nopCommcustomers.NOPCommCustomersTest -->
    </test> <!-- Default test -->
  </suite> <!-- Default suite -->
</testng-results>
